# JRE version: OpenJDK Runtime Environment Temurin-21.0.6+7 (21.0.6+7) (build 21.0.6+7-LTS)
# Java VM: OpenJDK 64-Bit Server VM Temurin-21.0.6+7 (21.0.6+7-LTS, mixed mode, emulated-client, sharing, tiered, compressed oops, compressed class ptrs, g1 gc, windows-amd64)
GC Precious Log:
 CardTable entry size: 512
 Card Set container configuration: InlinePtr #cards 5 size 8 Array Of Cards #cards 12 size 40 Howl #buckets 4 coarsen threshold 1843 Howl Bitmap #cards 512 size 80 coarsen threshold 460 Card regions per heap region 1 cards per card region 2048
 CPUs: 4 total, 4 available
 Memory: 7834M
 Large Page Support: Disabled
 NUMA Support: Disabled
 Compressed Oops: Enabled (32-bit)
 Heap Region Size: 1M
 Heap Min Capacity: 8M
 Heap Initial Capacity: 124M
 Heap Max Capacity: 1960M
 Pre-touch: Disabled
 Parallel Workers: 4
 Concurrent Workers: 1
 Concurrent Refinement Workers: 4
 Periodic GC: Disabled
Heap:
 garbage-first heap   total 78848K, used 56167K [0x0000000085800000, 0x0000000100000000)
  region size 1024K, 26 young (26624K), 4 survivors (4096K)
 Metaspace       used 64316K, committed 65024K, reserved 1114112K
  class space    used 9147K, committed 9472K, reserved 1048576K
GC Heap History (20 events):
Event: 0.665 GC heap before
{Heap before GC invocations=1 (full 0):
 garbage-first heap   total 126976K, used 18624K [0x0000000085800000, 0x0000000100000000)
  region size 1024K, 11 young (11264K), 2 survivors (2048K)
 Metaspace       used 6200K, committed 6464K, reserved 1114112K
  class space    used 738K, committed 832K, reserved 1048576K
}
Event: 0.671 GC heap after
{Heap after GC invocations=2 (full 0):
 garbage-first heap   total 126976K, used 11383K [0x0000000085800000, 0x0000000100000000)
  region size 1024K, 2 young (2048K), 2 survivors (2048K)
 Metaspace       used 6200K, committed 6464K, reserved 1114112K
  class space    used 738K, committed 832K, reserved 1048576K
}
Event: 1.027 GC heap before
{Heap before GC invocations=2 (full 0):
 garbage-first heap   total 126976K, used 36983K [0x0000000085800000, 0x0000000100000000)
  region size 1024K, 24 young (24576K), 2 survivors (2048K)
 Metaspace       used 9649K, committed 9920K, reserved 1114112K
  class space    used 1165K, committed 1280K, reserved 1048576K
}
Event: 1.033 GC heap after
{Heap after GC invocations=3 (full 0):
 garbage-first heap   total 126976K, used 15110K [0x0000000085800000, 0x0000000100000000)
  region size 1024K, 3 young (3072K), 3 survivors (3072K)
 Metaspace       used 9649K, committed 9920K, reserved 1114112K
  class space    used 1165K, committed 1280K, reserved 1048576K
}
Event: 1.858 GC heap before
{Heap before GC invocations=3 (full 0):
 garbage-first heap   total 126976K, used 65286K [0x0000000085800000, 0x0000000100000000)
  region size 1024K, 54 young (55296K), 3 survivors (3072K)
 Metaspace       used 21129K, committed 21504K, reserved 1114112K
  class space    used 2870K, committed 3072K, reserved 1048576K
}
Event: 1.865 GC heap after
{Heap after GC invocations=4 (full 0):
 garbage-first heap   total 126976K, used 19206K [0x0000000085800000, 0x0000000100000000)
  region size 1024K, 7 young (7168K), 7 survivors (7168K)
 Metaspace       used 21129K, committed 21504K, reserved 1114112K
  class space    used 2870K, committed 3072K, reserved 1048576K
}
Event: 2.144 GC heap before
{Heap before GC invocations=5 (full 0):
 garbage-first heap   total 65536K, used 49926K [0x0000000085800000, 0x0000000100000000)
  region size 1024K, 38 young (38912K), 7 survivors (7168K)
 Metaspace       used 25929K, committed 26368K, reserved 1114112K
  class space    used 3474K, committed 3648K, reserved 1048576K
}
Event: 2.153 GC heap after
{Heap after GC invocations=6 (full 0):
 garbage-first heap   total 78848K, used 22981K [0x0000000085800000, 0x0000000100000000)
  region size 1024K, 4 young (4096K), 4 survivors (4096K)
 Metaspace       used 25929K, committed 26368K, reserved 1114112K
  class space    used 3474K, committed 3648K, reserved 1048576K
}
Event: 2.726 GC heap before
{Heap before GC invocations=6 (full 0):
 garbage-first heap   total 78848K, used 58821K [0x0000000085800000, 0x0000000100000000)
  region size 1024K, 40 young (40960K), 4 survivors (4096K)
 Metaspace       used 30197K, committed 30592K, reserved 1114112K
  class space    used 4178K, committed 4352K, reserved 1048576K
}
Event: 2.733 GC heap after
{Heap after GC invocations=7 (full 0):
 garbage-first heap   total 78848K, used 25323K [0x0000000085800000, 0x0000000100000000)
  region size 1024K, 3 young (3072K), 3 survivors (3072K)
 Metaspace       used 30197K, committed 30592K, reserved 1114112K
  class space    used 4178K, committed 4352K, reserved 1048576K
}
Event: 3.300 GC heap before
{Heap before GC invocations=7 (full 0):
 garbage-first heap   total 78848K, used 63211K [0x0000000085800000, 0x0000000100000000)
  region size 1024K, 40 young (40960K), 3 survivors (3072K)
 Metaspace       used 34931K, committed 35520K, reserved 1114112K
  class space    used 4931K, committed 5184K, reserved 1048576K
}
Event: 3.308 GC heap after
{Heap after GC invocations=8 (full 0):
 garbage-first heap   total 78848K, used 28672K [0x0000000085800000, 0x0000000100000000)
  region size 1024K, 5 young (5120K), 5 survivors (5120K)
 Metaspace       used 34931K, committed 35520K, reserved 1114112K
  class space    used 4931K, committed 5184K, reserved 1048576K
}
Event: 3.340 GC heap before
{Heap before GC invocations=8 (full 0):
 garbage-first heap   total 78848K, used 29696K [0x0000000085800000, 0x0000000100000000)
  region size 1024K, 7 young (7168K), 5 survivors (5120K)
 Metaspace       used 35375K, committed 35968K, reserved 1114112K
  class space    used 4969K, committed 5248K, reserved 1048576K
}
Event: 3.349 GC heap after
{Heap after GC invocations=9 (full 0):
 garbage-first heap   total 78848K, used 29565K [0x0000000085800000, 0x0000000100000000)
  region size 1024K, 4 young (4096K), 4 survivors (4096K)
 Metaspace       used 35375K, committed 35968K, reserved 1114112K
  class space    used 4969K, committed 5248K, reserved 1048576K
}
Event: 4.046 GC heap before
{Heap before GC invocations=10 (full 0):
 garbage-first heap   total 78848K, used 65405K [0x0000000085800000, 0x0000000100000000)
  region size 1024K, 38 young (38912K), 4 survivors (4096K)
 Metaspace       used 42430K, committed 43072K, reserved 1114112K
  class space    used 5989K, committed 6272K, reserved 1048576K
}
Event: 4.052 GC heap after
{Heap after GC invocations=11 (full 0):
 garbage-first heap   total 78848K, used 32080K [0x0000000085800000, 0x0000000100000000)
  region size 1024K, 3 young (3072K), 3 survivors (3072K)
 Metaspace       used 42430K, committed 43072K, reserved 1114112K
  class space    used 5989K, committed 6272K, reserved 1048576K
}
Event: 4.672 GC heap before
{Heap before GC invocations=11 (full 0):
 garbage-first heap   total 78848K, used 64848K [0x0000000085800000, 0x0000000100000000)
  region size 1024K, 36 young (36864K), 3 survivors (3072K)
 Metaspace       used 52001K, committed 52608K, reserved 1114112K
  class space    used 7253K, committed 7488K, reserved 1048576K
}
Event: 4.677 GC heap after
{Heap after GC invocations=12 (full 0):
 garbage-first heap   total 78848K, used 33685K [0x0000000085800000, 0x0000000100000000)
  region size 1024K, 5 young (5120K), 5 survivors (5120K)
 Metaspace       used 52001K, committed 52608K, reserved 1114112K
  class space    used 7253K, committed 7488K, reserved 1048576K
}
Event: 5.645 GC heap before
{Heap before GC invocations=12 (full 0):
 garbage-first heap   total 78848K, used 61333K [0x0000000085800000, 0x0000000100000000)
  region size 1024K, 34 young (34816K), 5 survivors (5120K)
 Metaspace       used 59795K, committed 60416K, reserved 1114112K
  class space    used 8476K, committed 8768K, reserved 1048576K
}
Event: 5.657 GC heap after
{Heap after GC invocations=13 (full 0):
 garbage-first heap   total 78848K, used 34663K [0x0000000085800000, 0x0000000100000000)
  region size 1024K, 4 young (4096K), 4 survivors (4096K)
 Metaspace       used 59795K, committed 60416K, reserved 1114112K
  class space    used 8476K, committed 8768K, reserved 1048576K
}

